2025-10-06 09:12:50,941 - INFO - 📋 Cargando credenciales...
2025-10-06 09:12:50,941 - INFO - 🔌 Conectando a base de datos...
2025-10-06 09:12:50,962 - INFO - ✓ Conectado a: marin_testing @ localhost
2025-10-06 09:12:50,963 - INFO - 📄 Cargando configuración de modelos...
2025-10-06 09:12:50,964 - INFO - 📦 Total de modelos a procesar: 29

2025-10-06 09:12:50,964 - INFO - ============================================================
2025-10-06 09:12:50,964 - INFO - Modelo 1/29: res.company
2025-10-06 09:12:50,964 - INFO - ============================================================
2025-10-06 09:12:50,964 - INFO - 
▶ Procesando: res.company (res_company)
2025-10-06 09:12:50,972 - INFO -   ✓ Resecuenciado: 0 cambios (FKs actualizados por CASCADE)
2025-10-06 09:12:50,979 - INFO -   ✓ Nombres actualizados: 7 registros (res_company_id)
2025-10-06 09:12:50,982 - INFO -   ✓ Sin gaps detectados
2025-10-06 09:12:50,982 - INFO -   ⊘ Sin DELETE rules
2025-10-06 09:12:50,983 - INFO -   ✓ Completado: 7 registros finales
2025-10-06 09:12:50,983 - INFO - ============================================================
2025-10-06 09:12:50,983 - INFO - Modelo 2/29: res.partner
2025-10-06 09:12:50,983 - INFO - ============================================================
2025-10-06 09:12:50,984 - INFO - 
▶ Procesando: res.partner (res_partner)
2025-10-06 09:12:51,118 - WARNING -     ⚠️  Error en CASCADE account_move_partner_shipping_id_fkey: column "shipping_id" referenced in foreign key constraint does not exist

2025-10-06 09:12:51,119 - WARNING -     ⚠️  Error en CASCADE account_move_partner_bank_id_fkey: current transaction is aborted, commands ignored until end of transaction block

2025-10-06 09:12:51,120 - WARNING -     ⚠️  Error en CASCADE account_move_line_partner_id_fkey: current transaction is aborted, commands ignored until end of transaction block

2025-10-06 09:12:51,120 - WARNING -     ⚠️  Error en CASCADE account_payment_partner_id_fkey: current transaction is aborted, commands ignored until end of transaction block

2025-10-06 09:12:51,121 - WARNING -     ⚠️  Error en CASCADE account_payment_partner_bank_id_fkey: current transaction is aborted, commands ignored until end of transaction block

2025-10-06 09:12:51,121 - WARNING -     ⚠️  Error en CASCADE account_reconcile_model_res_partner_rel_res_partner_id_fkey: current transaction is aborted, commands ignored until end of transaction block

2025-10-06 09:12:51,122 - WARNING -     ⚠️  Error en CASCADE account_reconcile_model_partner_mapping_partner_id_fkey: current transaction is aborted, commands ignored until end of transaction block

2025-10-06 09:12:51,122 - WARNING -     ⚠️  Error en CASCADE approval_request_partner_id_fkey: current transaction is aborted, commands ignored until end of transaction block

2025-10-06 09:12:51,123 - WARNING -     ⚠️  Error en CASCADE approval_product_line_partner_id_fkey: current transaction is aborted, commands ignored until end of transaction block

2025-10-06 09:12:51,123 - WARNING -     ⚠️  Error en CASCADE calendar_attendee_partner_id_fkey: current transaction is aborted, commands ignored until end of transaction block

2025-10-06 09:12:51,124 - WARNING -     ⚠️  Error en CASCADE calendar_event_res_partner_rel_res_partner_id_fkey: current transaction is aborted, commands ignored until end of transaction block

2025-10-06 09:12:51,124 - WARNING -     ⚠️  Error en CASCADE discuss_channel_member_partner_id_fkey: current transaction is aborted, commands ignored until end of transaction block

2025-10-06 09:12:51,125 - WARNING -     ⚠️  Error en CASCADE documents_document_issued_by_fkey: current transaction is aborted, commands ignored until end of transaction block

2025-10-06 09:12:51,125 - WARNING -     ⚠️  Error en CASCADE documents_document_partner_id_fkey: current transaction is aborted, commands ignored until end of transaction block

2025-10-06 09:12:51,126 - WARNING -     ⚠️  Error en CASCADE documents_access_partner_id_fkey: current transaction is aborted, commands ignored until end of transaction block

2025-10-06 09:12:51,126 - WARNING -     ⚠️  Error en CASCADE fleet_vehicle_log_vendor_id_fkey: current transaction is aborted, commands ignored until end of transaction block

2025-10-06 09:12:51,127 - WARNING -     ⚠️  Error en CASCADE gps_geofence_partner_id_fkey: current transaction is aborted, commands ignored until end of transaction block

2025-10-06 09:12:51,127 - WARNING -     ⚠️  Error en CASCADE hr_employee_address_id_fkey: current transaction is aborted, commands ignored until end of transaction block

2025-10-06 09:12:51,128 - WARNING -     ⚠️  Error en CASCADE hr_employee_work_contact_id_fkey: current transaction is aborted, commands ignored until end of transaction block

2025-10-06 09:12:51,128 - WARNING -     ⚠️  Error en CASCADE hr_employee_bank_account_id_fkey: current transaction is aborted, commands ignored until end of transaction block

2025-10-06 09:12:51,128 - WARNING -     ⚠️  Error en CASCADE hr_job_address_id_fkey: current transaction is aborted, commands ignored until end of transaction block

2025-10-06 09:12:51,129 - WARNING -     ⚠️  Error en CASCADE knowledge_article_member_partner_id_fkey: current transaction is aborted, commands ignored until end of transaction block

2025-10-06 09:12:51,130 - WARNING -     ⚠️  Error en CASCADE mail_followers_partner_id_fkey: current transaction is aborted, commands ignored until end of transaction block

2025-10-06 09:12:51,131 - WARNING -     ⚠️  Error en CASCADE mail_mail_res_partner_rel_res_partner_id_fkey: current transaction is aborted, commands ignored until end of transaction block

2025-10-06 09:12:51,132 - WARNING -     ⚠️  Error en CASCADE mail_message_author_id_fkey: current transaction is aborted, commands ignored until end of transaction block

2025-10-06 09:12:51,132 - WARNING -     ⚠️  Error en CASCADE mail_message_res_partner_rel_res_partner_id_fkey: current transaction is aborted, commands ignored until end of transaction block

2025-10-06 09:12:51,133 - WARNING -     ⚠️  Error en CASCADE mail_notification_res_partner_id_fkey: current transaction is aborted, commands ignored until end of transaction block

2025-10-06 09:12:51,133 - WARNING -     ⚠️  Error en CASCADE mail_notification_author_id_fkey: current transaction is aborted, commands ignored until end of transaction block

2025-10-06 09:12:51,134 - WARNING -     ⚠️  Error en CASCADE pos_order_partner_id_fkey: current transaction is aborted, commands ignored until end of transaction block

2025-10-06 09:12:51,134 - WARNING -     ⚠️  Error en CASCADE procurement_group_partner_id_fkey: current transaction is aborted, commands ignored until end of transaction block

2025-10-06 09:12:51,135 - WARNING -     ⚠️  Error en CASCADE product_supplierinfo_partner_id_fkey: current transaction is aborted, commands ignored until end of transaction block

2025-10-06 09:12:51,135 - WARNING -     ⚠️  Error en CASCADE product_product_manufacturer_id_fkey: current transaction is aborted, commands ignored until end of transaction block

2025-10-06 09:12:51,135 - WARNING -     ⚠️  Error en CASCADE product_template_manufacturer_id_fkey: current transaction is aborted, commands ignored until end of transaction block

2025-10-06 09:12:51,136 - WARNING -     ⚠️  Error en CASCADE project_project_partner_id_fkey: current transaction is aborted, commands ignored until end of transaction block

2025-10-06 09:12:51,136 - WARNING -     ⚠️  Error en CASCADE project_task_partner_id_fkey: current transaction is aborted, commands ignored until end of transaction block

2025-10-06 09:12:51,137 - WARNING -     ⚠️  Error en CASCADE purchase_order_dest_address_id_fkey: current transaction is aborted, commands ignored until end of transaction block

2025-10-06 09:12:51,137 - WARNING -     ⚠️  Error en CASCADE purchase_order_partner_id_fkey: current transaction is aborted, commands ignored until end of transaction block

2025-10-06 09:12:51,138 - WARNING -     ⚠️  Error en CASCADE purchase_order_line_partner_id_fkey: current transaction is aborted, commands ignored until end of transaction block

2025-10-06 09:12:51,139 - WARNING -     ⚠️  Error en CASCADE res_company_partner_id_fkey: current transaction is aborted, commands ignored until end of transaction block

2025-10-06 09:12:51,139 - WARNING -     ⚠️  Error en CASCADE res_partner_commercial_partner_id_fkey: current transaction is aborted, commands ignored until end of transaction block

2025-10-06 09:12:51,140 - WARNING -     ⚠️  Error en CASCADE res_partner_parent_id_fkey: current transaction is aborted, commands ignored until end of transaction block

2025-10-06 09:12:51,140 - WARNING -     ⚠️  Error en CASCADE res_partner_bank_partner_id_fkey: current transaction is aborted, commands ignored until end of transaction block

2025-10-06 09:12:51,141 - WARNING -     ⚠️  Error en CASCADE res_partner_category_parent_id_fkey: current transaction is aborted, commands ignored until end of transaction block

2025-10-06 09:12:51,141 - WARNING -     ⚠️  Error en CASCADE res_partner_res_partner_category_rel_category_id_fkey: current transaction is aborted, commands ignored until end of transaction block

2025-10-06 09:12:51,142 - WARNING -     ⚠️  Error en CASCADE res_partner_res_partner_category_rel_partner_id_fkey: current transaction is aborted, commands ignored until end of transaction block

2025-10-06 09:12:51,142 - WARNING -     ⚠️  Error en CASCADE res_users_partner_id_fkey: current transaction is aborted, commands ignored until end of transaction block

2025-10-06 09:12:51,143 - WARNING -     ⚠️  Error en CASCADE sale_order_commercial_partner_id_fkey: current transaction is aborted, commands ignored until end of transaction block

2025-10-06 09:12:51,143 - WARNING -     ⚠️  Error en CASCADE sale_order_partner_id_fkey: current transaction is aborted, commands ignored until end of transaction block

2025-10-06 09:12:51,144 - WARNING -     ⚠️  Error en CASCADE sale_order_partner_invoice_id_fkey: current transaction is aborted, commands ignored until end of transaction block

2025-10-06 09:12:51,144 - WARNING -     ⚠️  Error en CASCADE sale_order_partner_shipping_id_fkey: current transaction is aborted, commands ignored until end of transaction block

2025-10-06 09:12:51,144 - WARNING -     ⚠️  Error en CASCADE sale_order_line_partner_id_fkey: current transaction is aborted, commands ignored until end of transaction block

2025-10-06 09:12:51,145 - WARNING -     ⚠️  Error en CASCADE slide_slide_partner_partner_id_fkey: current transaction is aborted, commands ignored until end of transaction block

2025-10-06 09:12:51,145 - WARNING -     ⚠️  Error en CASCADE stock_move_partner_id_fkey: current transaction is aborted, commands ignored until end of transaction block

2025-10-06 09:12:51,146 - WARNING -     ⚠️  Error en CASCADE stock_move_restrict_partner_id_fkey: current transaction is aborted, commands ignored until end of transaction block

2025-10-06 09:12:51,147 - WARNING -     ⚠️  Error en CASCADE stock_picking_owner_id_fkey: current transaction is aborted, commands ignored until end of transaction block

2025-10-06 09:12:51,147 - WARNING -     ⚠️  Error en CASCADE stock_picking_partner_id_fkey: current transaction is aborted, commands ignored until end of transaction block

2025-10-06 09:12:51,148 - WARNING -     ⚠️  Error en CASCADE stock_rule_partner_address_id_fkey: current transaction is aborted, commands ignored until end of transaction block

2025-10-06 09:12:51,148 - WARNING -     ⚠️  Error en CASCADE stock_warehouse_partner_id_fkey: current transaction is aborted, commands ignored until end of transaction block

2025-10-06 09:12:51,149 - WARNING -     ⚠️  Error en CASCADE stock_warehouse_orderpoint_product_supplier_id_fkey: current transaction is aborted, commands ignored until end of transaction block

2025-10-06 09:12:51,149 - WARNING -     ⚠️  Error en CASCADE stock_warehouse_orderpoint_product_supplier_id_fkey: current transaction is aborted, commands ignored until end of transaction block

2025-10-06 09:12:51,150 - WARNING -     ⚠️  Error en CASCADE syngenta_commercial_agreement_partner_id_fkey: current transaction is aborted, commands ignored until end of transaction block

2025-10-06 09:12:51,150 - WARNING -     ⚠️  Error en CASCADE survey_user_input_partner_id_fkey: current transaction is aborted, commands ignored until end of transaction block

2025-10-06 09:12:51,151 - WARNING -     ⚠️  Error en CASCADE telegram_chat_partner_id_fkey: current transaction is aborted, commands ignored until end of transaction block

2025-10-06 09:12:51,151 - INFO -   ✓ CASCADE aplicado: 5/68 reglas
2025-10-06 09:12:51,160 - ERROR -     ✗ Error actualizando ID 1 → 8590: duplicate key value violates unique constraint "res_partner_pkey"
DETAIL:  Key (id)=(8590) already exists.

2025-10-06 09:12:51,161 - ERROR -   ✗ Error: duplicate key value violates unique constraint "res_partner_pkey"
DETAIL:  Key (id)=(8590) already exists.

2025-10-06 09:12:51,162 - INFO - ============================================================
2025-10-06 09:12:51,162 - INFO - Modelo 3/29: product.template
2025-10-06 09:12:51,162 - INFO - ============================================================
2025-10-06 09:12:51,162 - INFO - 
▶ Procesando: product.template (product_template)
2025-10-06 09:12:51,166 - ERROR -     ✗ Error actualizando ID 1 → 2000: duplicate key value violates unique constraint "product_template_pkey"
DETAIL:  Key (id)=(2000) already exists.

2025-10-06 09:12:51,167 - ERROR -   ✗ Error: duplicate key value violates unique constraint "product_template_pkey"
DETAIL:  Key (id)=(2000) already exists.

2025-10-06 09:12:51,167 - INFO - ============================================================
2025-10-06 09:12:51,167 - INFO - Modelo 4/29: account.account
2025-10-06 09:12:51,167 - INFO - ============================================================
2025-10-06 09:12:51,167 - INFO - 
▶ Procesando: account.account (account_account)
2025-10-06 09:12:51,176 - WARNING -     ⚠️  Error en CASCADE account_account_account_asset_rel_account_account_id_fkey: column "account_id" referenced in foreign key constraint does not exist

2025-10-06 09:12:51,176 - WARNING -     ⚠️  Error en CASCADE account_account_account_journal_rel_account_account_id_fkey: current transaction is aborted, commands ignored until end of transaction block

2025-10-06 09:12:51,177 - WARNING -     ⚠️  Error en CASCADE account_account_account_tag_account_account_id_fkey: current transaction is aborted, commands ignored until end of transaction block

2025-10-06 09:12:51,177 - WARNING -     ⚠️  Error en CASCADE account_account_res_company_rel_account_account_id_fkey: current transaction is aborted, commands ignored until end of transaction block

2025-10-06 09:12:51,178 - WARNING -     ⚠️  Error en CASCADE account_account_tag_account_move_li_account_account_tag_id_fkey: current transaction is aborted, commands ignored until end of transaction block

2025-10-06 09:12:51,178 - WARNING -     ⚠️  Error en CASCADE account_account_tag_account_tax_rep_account_account_tag_id_fkey: current transaction is aborted, commands ignored until end of transaction block

2025-10-06 09:12:51,179 - WARNING -     ⚠️  Error en CASCADE account_analytic_line_account_id_fkey: current transaction is aborted, commands ignored until end of transaction block

2025-10-06 09:12:51,179 - WARNING -     ⚠️  Error en CASCADE account_analytic_line_general_account_id_fkey: current transaction is aborted, commands ignored until end of transaction block

2025-10-06 09:12:51,180 - WARNING -     ⚠️  Error en CASCADE account_asset_account_asset_id_fkey: current transaction is aborted, commands ignored until end of transaction block

2025-10-06 09:12:51,180 - WARNING -     ⚠️  Error en CASCADE account_asset_account_depreciation_expense_id_fkey: current transaction is aborted, commands ignored until end of transaction block

2025-10-06 09:12:51,181 - WARNING -     ⚠️  Error en CASCADE account_asset_account_depreciation_id_fkey: current transaction is aborted, commands ignored until end of transaction block

2025-10-06 09:12:51,181 - WARNING -     ⚠️  Error en CASCADE account_journal_default_account_id_fkey: current transaction is aborted, commands ignored until end of transaction block

2025-10-06 09:12:51,182 - WARNING -     ⚠️  Error en CASCADE account_journal_default_payable_account_id_fkey: current transaction is aborted, commands ignored until end of transaction block

2025-10-06 09:12:51,182 - WARNING -     ⚠️  Error en CASCADE account_journal_default_receivable_account_id_fkey: current transaction is aborted, commands ignored until end of transaction block

2025-10-06 09:12:51,183 - WARNING -     ⚠️  Error en CASCADE account_journal_default_refund_account_id_fkey: current transaction is aborted, commands ignored until end of transaction block

2025-10-06 09:12:51,183 - WARNING -     ⚠️  Error en CASCADE account_journal_loss_account_id_fkey: current transaction is aborted, commands ignored until end of transaction block

2025-10-06 09:12:51,184 - WARNING -     ⚠️  Error en CASCADE account_journal_profit_account_id_fkey: current transaction is aborted, commands ignored until end of transaction block

2025-10-06 09:12:51,184 - WARNING -     ⚠️  Error en CASCADE account_journal_suspense_account_id_fkey: current transaction is aborted, commands ignored until end of transaction block

2025-10-06 09:12:51,185 - WARNING -     ⚠️  Error en CASCADE account_journal_account_account_control_rel_account_id_fkey: current transaction is aborted, commands ignored until end of transaction block

2025-10-06 09:12:51,185 - WARNING -     ⚠️  Error en CASCADE account_move_line_account_id_fkey: current transaction is aborted, commands ignored until end of transaction block

2025-10-06 09:12:51,186 - WARNING -     ⚠️  Error en CASCADE account_payment_destination_account_id_fkey: current transaction is aborted, commands ignored until end of transaction block

2025-10-06 09:12:51,186 - WARNING -     ⚠️  Error en CASCADE account_payment_outstanding_account_id_fkey: current transaction is aborted, commands ignored until end of transaction block

2025-10-06 09:12:51,187 - WARNING -     ⚠️  Error en CASCADE account_payment_method_line_payment_account_id_fkey: current transaction is aborted, commands ignored until end of transaction block

2025-10-06 09:12:51,187 - WARNING -     ⚠️  Error en CASCADE account_reconcile_model_line_account_id_fkey: current transaction is aborted, commands ignored until end of transaction block

2025-10-06 09:12:51,187 - WARNING -     ⚠️  Error en CASCADE account_report_budget_item_account_id_fkey: current transaction is aborted, commands ignored until end of transaction block

2025-10-06 09:12:51,188 - WARNING -     ⚠️  Error en CASCADE account_tax_cash_basis_transition_account_id_fkey: current transaction is aborted, commands ignored until end of transaction block

2025-10-06 09:12:51,188 - WARNING -     ⚠️  Error en CASCADE account_tax_group_tax_payable_account_id_fkey: current transaction is aborted, commands ignored until end of transaction block

2025-10-06 09:12:51,189 - WARNING -     ⚠️  Error en CASCADE account_tax_group_tax_receivable_account_id_fkey: current transaction is aborted, commands ignored until end of transaction block

2025-10-06 09:12:51,189 - WARNING -     ⚠️  Error en CASCADE account_tax_repartition_line_account_id_fkey: current transaction is aborted, commands ignored until end of transaction block

2025-10-06 09:12:51,190 - WARNING -     ⚠️  Error en CASCADE hr_expense_account_id_fkey: current transaction is aborted, commands ignored until end of transaction block

2025-10-06 09:12:51,190 - WARNING -     ⚠️  Error en CASCADE pos_payment_method_receivable_account_id_fkey: current transaction is aborted, commands ignored until end of transaction block

2025-10-06 09:12:51,191 - WARNING -     ⚠️  Error en CASCADE res_company_account_cash_basis_base_account_id_fkey: current transaction is aborted, commands ignored until end of transaction block

2025-10-06 09:12:51,191 - WARNING -     ⚠️  Error en CASCADE res_company_account_default_pos_receivable_account_id_fkey: current transaction is aborted, commands ignored until end of transaction block

2025-10-06 09:12:51,192 - WARNING -     ⚠️  Error en CASCADE res_company_account_journal_early_pay_discount_gain_accoun_fkey: current transaction is aborted, commands ignored until end of transaction block

2025-10-06 09:12:51,192 - WARNING -     ⚠️  Error en CASCADE res_company_account_journal_early_pay_discount_loss_accoun_fkey: current transaction is aborted, commands ignored until end of transaction block

2025-10-06 09:12:51,193 - WARNING -     ⚠️  Error en CASCADE res_company_account_journal_suspense_account_id_fkey: current transaction is aborted, commands ignored until end of transaction block

2025-10-06 09:12:51,193 - WARNING -     ⚠️  Error en CASCADE res_company_default_cash_difference_expense_account_id_fkey: current transaction is aborted, commands ignored until end of transaction block

2025-10-06 09:12:51,194 - WARNING -     ⚠️  Error en CASCADE res_company_default_cash_difference_income_account_id_fkey: current transaction is aborted, commands ignored until end of transaction block

2025-10-06 09:12:51,194 - WARNING -     ⚠️  Error en CASCADE res_company_expense_accrual_account_id_fkey: current transaction is aborted, commands ignored until end of transaction block

2025-10-06 09:12:51,195 - WARNING -     ⚠️  Error en CASCADE res_company_expense_currency_exchange_account_id_fkey: current transaction is aborted, commands ignored until end of transaction block

2025-10-06 09:12:51,195 - WARNING -     ⚠️  Error en CASCADE res_company_gain_account_id_fkey: current transaction is aborted, commands ignored until end of transaction block

2025-10-06 09:12:51,196 - WARNING -     ⚠️  Error en CASCADE res_company_income_currency_exchange_account_id_fkey: current transaction is aborted, commands ignored until end of transaction block

2025-10-06 09:12:51,196 - WARNING -     ⚠️  Error en CASCADE res_company_loss_account_id_fkey: current transaction is aborted, commands ignored until end of transaction block

2025-10-06 09:12:51,197 - WARNING -     ⚠️  Error en CASCADE res_company_revenue_accrual_account_id_fkey: current transaction is aborted, commands ignored until end of transaction block

2025-10-06 09:12:51,197 - WARNING -     ⚠️  Error en CASCADE res_company_transfer_account_id_fkey: current transaction is aborted, commands ignored until end of transaction block

2025-10-06 09:12:51,198 - INFO -   ✓ CASCADE aplicado: 0/45 reglas
2025-10-06 09:12:51,560 - ERROR -     ✗ Error actualizando ID 20 → 4019: update or delete on table "account_account" violates foreign key constraint "res_company_deferred_expense_account_id_fkey" on table "res_company"
DETAIL:  Key (id)=(20) is still referenced from table "res_company".

2025-10-06 09:12:51,560 - ERROR -   ✗ Error: update or delete on table "account_account" violates foreign key constraint "res_company_deferred_expense_account_id_fkey" on table "res_company"
DETAIL:  Key (id)=(20) is still referenced from table "res_company".

2025-10-06 09:12:51,560 - INFO - ============================================================
2025-10-06 09:12:51,561 - INFO - Modelo 5/29: account.journal
2025-10-06 09:12:51,561 - INFO - ============================================================
2025-10-06 09:12:51,561 - INFO - 
▶ Procesando: account.journal (account_journal)
2025-10-06 09:12:51,566 - WARNING -     ⚠️  Error en CASCADE account_account_account_journal_rel_account_journal_id_fkey: column "journal_id" referenced in foreign key constraint does not exist

2025-10-06 09:12:51,567 - WARNING -     ⚠️  Error en CASCADE account_analytic_line_journal_id_fkey: current transaction is aborted, commands ignored until end of transaction block

2025-10-06 09:12:51,567 - WARNING -     ⚠️  Error en CASCADE account_asset_journal_id_fkey: current transaction is aborted, commands ignored until end of transaction block

2025-10-06 09:12:51,568 - WARNING -     ⚠️  Error en CASCADE account_bank_statement_journal_id_fkey: current transaction is aborted, commands ignored until end of transaction block

2025-10-06 09:12:51,568 - WARNING -     ⚠️  Error en CASCADE account_bank_statement_line_journal_id_fkey: current transaction is aborted, commands ignored until end of transaction block

2025-10-06 09:12:51,569 - WARNING -     ⚠️  Error en CASCADE account_journal_account_journal_group_r_account_journal_id_fkey: current transaction is aborted, commands ignored until end of transaction block

2025-10-06 09:12:51,569 - WARNING -     ⚠️  Error en CASCADE account_journal_account_journal_g_account_journal_group_id_fkey: current transaction is aborted, commands ignored until end of transaction block

2025-10-06 09:12:51,570 - WARNING -     ⚠️  Error en CASCADE account_journal_account_reconcile_model_account_journal_id_fkey: current transaction is aborted, commands ignored until end of transaction block

2025-10-06 09:12:51,570 - WARNING -     ⚠️  Error en CASCADE account_move_journal_id_fkey: current transaction is aborted, commands ignored until end of transaction block

2025-10-06 09:12:51,571 - WARNING -     ⚠️  Error en CASCADE account_move_line_journal_id_fkey: current transaction is aborted, commands ignored until end of transaction block

2025-10-06 09:12:51,571 - WARNING -     ⚠️  Error en CASCADE account_payment_payment_method_line_id_fkey: current transaction is aborted, commands ignored until end of transaction block

2025-10-06 09:12:51,572 - WARNING -     ⚠️  Error en CASCADE account_payment_journal_id_fkey: current transaction is aborted, commands ignored until end of transaction block

2025-10-06 09:12:51,572 - WARNING -     ⚠️  Error en CASCADE account_payment_method_line_journal_id_fkey: current transaction is aborted, commands ignored until end of transaction block

2025-10-06 09:12:51,573 - WARNING -     ⚠️  Error en CASCADE journal_account_control_rel_journal_id_fkey: current transaction is aborted, commands ignored until end of transaction block

2025-10-06 09:12:51,573 - WARNING -     ⚠️  Error en CASCADE pos_config_invoice_journal_id_fkey: current transaction is aborted, commands ignored until end of transaction block

2025-10-06 09:12:51,574 - WARNING -     ⚠️  Error en CASCADE pos_config_journal_id_fkey: current transaction is aborted, commands ignored until end of transaction block

2025-10-06 09:12:51,574 - WARNING -     ⚠️  Error en CASCADE pos_order_sale_journal_fkey: current transaction is aborted, commands ignored until end of transaction block

2025-10-06 09:12:51,575 - WARNING -     ⚠️  Error en CASCADE pos_payment_method_journal_id_fkey: current transaction is aborted, commands ignored until end of transaction block

2025-10-06 09:12:51,575 - WARNING -     ⚠️  Error en CASCADE pos_session_cash_journal_id_fkey: current transaction is aborted, commands ignored until end of transaction block

2025-10-06 09:12:51,576 - WARNING -     ⚠️  Error en CASCADE res_company_account_tax_periodicity_journal_id_fkey: current transaction is aborted, commands ignored until end of transaction block

2025-10-06 09:12:51,576 - WARNING -     ⚠️  Error en CASCADE res_company_currency_exchange_journal_id_fkey: current transaction is aborted, commands ignored until end of transaction block

2025-10-06 09:12:51,576 - WARNING -     ⚠️  Error en CASCADE res_company_pos_cash_transfer_journal_id_fkey: current transaction is aborted, commands ignored until end of transaction block

2025-10-06 09:12:51,577 - WARNING -     ⚠️  Error en CASCADE res_company_tax_cash_basis_journal_id_fkey: current transaction is aborted, commands ignored until end of transaction block

2025-10-06 09:12:51,577 - WARNING -     ⚠️  Error en CASCADE sale_order_journal_id_fkey: current transaction is aborted, commands ignored until end of transaction block

2025-10-06 09:12:51,578 - WARNING -     ⚠️  Error en CASCADE hr_expense_sheet_journal_id_fkey: current transaction is aborted, commands ignored until end of transaction block

2025-10-06 09:12:51,578 - INFO -   ✓ CASCADE aplicado: 0/25 reglas
2025-10-06 09:12:51,673 - ERROR -     ✗ Error actualizando ID 2 → 5001: update or delete on table "account_journal" violates foreign key constraint "res_company_intercompany_purchase_journal_id_fkey" on table "res_company"
DETAIL:  Key (id)=(2) is still referenced from table "res_company".

2025-10-06 09:12:51,673 - ERROR -   ✗ Error: update or delete on table "account_journal" violates foreign key constraint "res_company_intercompany_purchase_journal_id_fkey" on table "res_company"
DETAIL:  Key (id)=(2) is still referenced from table "res_company".

2025-10-06 09:12:51,673 - INFO - ============================================================
2025-10-06 09:12:51,674 - INFO - Modelo 6/29: account.tax
2025-10-06 09:12:51,674 - INFO - ============================================================
2025-10-06 09:12:51,674 - INFO - 
▶ Procesando: account.tax (account_tax)
2025-10-06 09:12:51,889 - ERROR -     ✗ Error actualizando ID 1 → 1000: update or delete on table "account_tax" violates foreign key constraint "account_tax_repartition_line_tax_id_fkey" on table "account_tax_repartition_line"
DETAIL:  Key (id)=(1) is still referenced from table "account_tax_repartition_line".

2025-10-06 09:12:51,889 - ERROR -   ✗ Error: update or delete on table "account_tax" violates foreign key constraint "account_tax_repartition_line_tax_id_fkey" on table "account_tax_repartition_line"
DETAIL:  Key (id)=(1) is still referenced from table "account_tax_repartition_line".

2025-10-06 09:12:51,890 - INFO - ============================================================
2025-10-06 09:12:51,890 - INFO - Modelo 7/29: account.move
2025-10-06 09:12:51,890 - INFO - ============================================================
2025-10-06 09:12:51,890 - INFO - 
▶ Procesando: account.move (account_move)
2025-10-06 09:12:51,948 - WARNING -     ⚠️  Error en CASCADE account_full_reconcile_exchange_move_id_fkey: column "move_id" referenced in foreign key constraint does not exist

2025-10-06 09:12:51,949 - WARNING -     ⚠️  Error en CASCADE account_move_auto_post_origin_id_fkey: current transaction is aborted, commands ignored until end of transaction block

2025-10-06 09:12:51,949 - WARNING -     ⚠️  Error en CASCADE account_move_reversed_entry_id_fkey: current transaction is aborted, commands ignored until end of transaction block

2025-10-06 09:12:51,949 - WARNING -     ⚠️  Error en CASCADE account_move_tax_cash_basis_origin_move_id_fkey: current transaction is aborted, commands ignored until end of transaction block

2025-10-06 09:12:51,950 - WARNING -     ⚠️  Error en CASCADE account_move_tax_cash_basis_rec_id_fkey: current transaction is aborted, commands ignored until end of transaction block

2025-10-06 09:12:51,950 - WARNING -     ⚠️  Error en CASCADE account_move_line_move_id_fkey: current transaction is aborted, commands ignored until end of transaction block

2025-10-06 09:12:51,951 - WARNING -     ⚠️  Error en CASCADE account_move_purchase_order_rel_account_move_id_fkey: current transaction is aborted, commands ignored until end of transaction block

2025-10-06 09:12:51,951 - WARNING -     ⚠️  Error en CASCADE account_move__account_payment_invoice_id_fkey: current transaction is aborted, commands ignored until end of transaction block

2025-10-06 09:12:51,952 - WARNING -     ⚠️  Error en CASCADE account_payment_move_id_fkey: current transaction is aborted, commands ignored until end of transaction block

2025-10-06 09:12:51,952 - WARNING -     ⚠️  Error en CASCADE approval_product_line_account_move_id_fkey: current transaction is aborted, commands ignored until end of transaction block

2025-10-06 09:12:51,953 - WARNING -     ⚠️  Error en CASCADE hr_payslip_move_id_fkey: current transaction is aborted, commands ignored until end of transaction block

2025-10-06 09:12:51,953 - WARNING -     ⚠️  Error en CASCADE l10n_mx_edi_document_move_id_fkey: current transaction is aborted, commands ignored until end of transaction block

2025-10-06 09:12:51,954 - WARNING -     ⚠️  Error en CASCADE l10n_mx_edi_invoice_document_ids_rel_invoice_id_fkey: current transaction is aborted, commands ignored until end of transaction block

2025-10-06 09:12:51,954 - WARNING -     ⚠️  Error en CASCADE pos_order_account_move_fkey: current transaction is aborted, commands ignored until end of transaction block

2025-10-06 09:12:51,955 - WARNING -     ⚠️  Error en CASCADE pos_payment_account_move_id_fkey: current transaction is aborted, commands ignored until end of transaction block

2025-10-06 09:12:51,955 - WARNING -     ⚠️  Error en CASCADE pos_session_move_id_fkey: current transaction is aborted, commands ignored until end of transaction block

2025-10-06 09:12:51,955 - INFO -   ✓ CASCADE aplicado: 1/17 reglas
2025-10-06 09:12:52,072 - ERROR -     ✗ Error actualizando ID 1001 → 10000: duplicate key value violates unique constraint "account_move_pkey"
DETAIL:  Key (id)=(10000) already exists.

2025-10-06 09:12:52,072 - ERROR -   ✗ Error: duplicate key value violates unique constraint "account_move_pkey"
DETAIL:  Key (id)=(10000) already exists.

2025-10-06 09:12:52,087 - INFO - ============================================================
2025-10-06 09:12:52,087 - INFO - Modelo 8/29: stock.location
2025-10-06 09:12:52,087 - INFO - ============================================================
2025-10-06 09:12:52,087 - INFO - 
▶ Procesando: stock.location (stock_location)
2025-10-06 09:13:06,071 - ERROR -     ✗ Error actualizando ID 1018 → 7113: update or delete on table "stock_location" violates foreign key constraint "mrp_unbuild_location_dest_id_fkey" on table "mrp_unbuild"
DETAIL:  Key (id)=(1018) is still referenced from table "mrp_unbuild".

2025-10-06 09:13:06,071 - ERROR -   ✗ Error: update or delete on table "stock_location" violates foreign key constraint "mrp_unbuild_location_dest_id_fkey" on table "mrp_unbuild"
DETAIL:  Key (id)=(1018) is still referenced from table "mrp_unbuild".

2025-10-06 09:13:06,071 - INFO - ============================================================
2025-10-06 09:13:06,072 - INFO - Modelo 9/29: stock.warehouse
2025-10-06 09:13:06,072 - INFO - ============================================================
2025-10-06 09:13:06,072 - INFO - 
▶ Procesando: stock.warehouse (stock_warehouse)
2025-10-06 09:13:06,086 - ERROR -     ✗ Error actualizando ID 1 → 6000: update or delete on table "stock_warehouse" violates foreign key constraint "stock_location_warehouse_id_fkey" on table "stock_location"
DETAIL:  Key (id)=(1) is still referenced from table "stock_location".

2025-10-06 09:13:06,086 - ERROR -   ✗ Error: update or delete on table "stock_warehouse" violates foreign key constraint "stock_location_warehouse_id_fkey" on table "stock_location"
DETAIL:  Key (id)=(1) is still referenced from table "stock_location".

2025-10-06 09:13:06,086 - INFO - ============================================================
2025-10-06 09:13:06,086 - INFO - Modelo 10/29: Set partner to cash basis move lines V2
2025-10-06 09:13:06,086 - INFO - ============================================================
2025-10-06 09:13:06,086 - INFO - 
▶ Procesando: Set partner to cash basis move lines V2 (Set partner to cash basis move lines V2)
2025-10-06 09:13:06,087 - ERROR -   ✗ Error: syntax error at or near "to"
LINE 1: SELECT id FROM Set partner to cash basis move lines V2 ORDER...
                                   ^

2025-10-06 09:13:06,087 - INFO - ============================================================
2025-10-06 09:13:06,087 - INFO - Modelo 11/29: account.analytic
2025-10-06 09:13:06,087 - INFO - ============================================================
2025-10-06 09:13:06,087 - INFO - 
▶ Procesando: account.analytic (account_analytic)
2025-10-06 09:13:06,088 - ERROR -   ✗ Error: current transaction is aborted, commands ignored until end of transaction block

2025-10-06 09:13:06,088 - INFO - ============================================================
2025-10-06 09:13:06,088 - INFO - Modelo 12/29: account.asset
2025-10-06 09:13:06,088 - INFO - ============================================================
2025-10-06 09:13:06,088 - INFO - 
▶ Procesando: account.asset (account_asset)
2025-10-06 09:13:06,092 - WARNING -     ⚠️  Error en CASCADE account_account_asset_model_fkey: column "model" referenced in foreign key constraint does not exist

2025-10-06 09:13:06,092 - WARNING -     ⚠️  Error en CASCADE account_asset_model_id_fkey: current transaction is aborted, commands ignored until end of transaction block

2025-10-06 09:13:06,092 - WARNING -     ⚠️  Error en CASCADE account_move_asset_id_fkey: current transaction is aborted, commands ignored until end of transaction block

2025-10-06 09:13:06,093 - WARNING -     ⚠️  Error en CASCADE asset_move_line_rel_asset_id_fkey: current transaction is aborted, commands ignored until end of transaction block

2025-10-06 09:13:06,093 - INFO -   ✓ CASCADE aplicado: 0/4 reglas
2025-10-06 09:13:06,095 - ERROR -     ✗ Error actualizando ID 1 → 1000: update or delete on table "account_asset" violates foreign key constraint "account_account_account_asset_rel_account_asset_id_fkey" on table "account_account_account_asset_rel"
DETAIL:  Key (id)=(1) is still referenced from table "account_account_account_asset_rel".

2025-10-06 09:13:06,095 - ERROR -   ✗ Error: update or delete on table "account_asset" violates foreign key constraint "account_account_account_asset_rel_account_asset_id_fkey" on table "account_account_account_asset_rel"
DETAIL:  Key (id)=(1) is still referenced from table "account_account_account_asset_rel".

2025-10-06 09:13:06,095 - INFO - ============================================================
2025-10-06 09:13:06,096 - INFO - Modelo 13/29: account.bank_statement
2025-10-06 09:13:06,096 - INFO - ============================================================
2025-10-06 09:13:06,096 - INFO - 
▶ Procesando: account.bank_statement (account_bank_statement)
2025-10-06 09:13:06,123 - INFO -   ✓ CASCADE aplicado: 2/2 reglas
2025-10-06 09:13:11,604 - ERROR -     ✗ Error actualizando ID 701 → 1682: update or delete on table "account_bank_statement" violates foreign key constraint "account_bank_statement_ir_attach_account_bank_statement_id_fkey" on table "account_bank_statement_ir_attachment_rel"
DETAIL:  Key (id)=(701) is still referenced from table "account_bank_statement_ir_attachment_rel".

2025-10-06 09:13:11,604 - ERROR -   ✗ Error: update or delete on table "account_bank_statement" violates foreign key constraint "account_bank_statement_ir_attach_account_bank_statement_id_fkey" on table "account_bank_statement_ir_attachment_rel"
DETAIL:  Key (id)=(701) is still referenced from table "account_bank_statement_ir_attachment_rel".

2025-10-06 09:13:11,604 - INFO - ============================================================
2025-10-06 09:13:11,604 - INFO - Modelo 14/29: account.bank_statement_line
2025-10-06 09:13:11,604 - INFO - ============================================================
2025-10-06 09:13:11,604 - INFO - 
▶ Procesando: account.bank_statement_line (account_bank_statement_line)
2025-10-06 09:13:11,633 - ERROR -     ✗ Error actualizando ID 516 → 1000: update or delete on table "account_bank_statement_line" violates foreign key constraint "account_move_line_statement_line_id_fkey" on table "account_move_line"
DETAIL:  Key (id)=(516) is still referenced from table "account_move_line".

2025-10-06 09:13:11,633 - ERROR -   ✗ Error: update or delete on table "account_bank_statement_line" violates foreign key constraint "account_move_line_statement_line_id_fkey" on table "account_move_line"
DETAIL:  Key (id)=(516) is still referenced from table "account_move_line".

2025-10-06 09:13:11,635 - INFO - ============================================================
2025-10-06 09:13:11,635 - INFO - Modelo 15/29: account.move_line
2025-10-06 09:13:11,635 - INFO - ============================================================
2025-10-06 09:13:11,635 - INFO - 
▶ Procesando: account.move_line (account_move_line)
2025-10-06 09:13:11,670 - WARNING -     ⚠️  Error en CASCADE account_partial_reconcile_credit_move_id_fkey: column "move_id" referenced in foreign key constraint does not exist

2025-10-06 09:13:11,671 - WARNING -     ⚠️  Error en CASCADE account_partial_reconcile_debit_move_id_fkey: current transaction is aborted, commands ignored until end of transaction block

2025-10-06 09:13:11,671 - WARNING -     ⚠️  Error en CASCADE account_move_line_account_tax_rel_account_move_line_id_fkey: current transaction is aborted, commands ignored until end of transaction block

2025-10-06 09:13:11,671 - WARNING -     ⚠️  Error en CASCADE asset_move_line_rel_line_id_fkey: current transaction is aborted, commands ignored until end of transaction block

2025-10-06 09:13:11,672 - WARNING -     ⚠️  Error en CASCADE account_account_tag_account_move_line_account_move_line_id_fkey: current transaction is aborted, commands ignored until end of transaction block

2025-10-06 09:13:11,672 - WARNING -     ⚠️  Error en CASCADE account_analytic_line_move_line_id_fkey: current transaction is aborted, commands ignored until end of transaction block

2025-10-06 09:13:11,672 - WARNING -     ⚠️  Error en CASCADE account_move_line_hr_payslip_line_rel_account_move_line_id_fkey: current transaction is aborted, commands ignored until end of transaction block

2025-10-06 09:13:11,672 - WARNING -     ⚠️  Error en CASCADE account_move_line_sale_order_line_rel_move_line_id_fkey: current transaction is aborted, commands ignored until end of transaction block

2025-10-06 09:13:11,672 - WARNING -     ⚠️  Error en CASCADE account_move_line_purchase_order_line_rel_move_line_id_fkey: current transaction is aborted, commands ignored until end of transaction block

2025-10-06 09:13:11,673 - WARNING -     ⚠️  Error en CASCADE fleet_vehicle_log_account_move_line_id_fkey: current transaction is aborted, commands ignored until end of transaction block

2025-10-06 09:13:11,673 - INFO -   ✓ CASCADE aplicado: 0/10 reglas
